{"/Users/jan/code/lethimcook/frontend/src/api/client.ts": {"path":"/Users/jan/code/lethimcook/frontend/src/api/client.ts","statementMap":{"0":{"start":{"line":1,"column":0},"end":{"line":1,"column":26}},"1":{"start":{"line":4,"column":21},"end":{"line":4,"column":45}},"2":{"start":{"line":6,"column":13},"end":{"line":13,"column":3}}},"fnMap":{},"branchMap":{},"s":{"0":1,"1":1,"2":1},"f":{},"b":{}}
,"/Users/jan/code/lethimcook/frontend/src/api/recipes.ts": {"path":"/Users/jan/code/lethimcook/frontend/src/api/recipes.ts","statementMap":{"0":{"start":{"line":2,"column":0},"end":{"line":2,"column":31}},"1":{"start":{"line":4,"column":26},"end":{"line":15,"column":1}},"2":{"start":{"line":5,"column":19},"end":{"line":13,"column":4}},"3":{"start":{"line":14,"column":2},"end":{"line":14,"column":14}},"4":{"start":{"line":4,"column":13},"end":{"line":4,"column":26}},"5":{"start":{"line":17,"column":25},"end":{"line":20,"column":1}},"6":{"start":{"line":18,"column":19},"end":{"line":18,"column":64}},"7":{"start":{"line":19,"column":2},"end":{"line":19,"column":14}},"8":{"start":{"line":17,"column":13},"end":{"line":17,"column":25}},"9":{"start":{"line":22,"column":28},"end":{"line":29,"column":1}},"10":{"start":{"line":23,"column":19},"end":{"line":27,"column":4}},"11":{"start":{"line":28,"column":2},"end":{"line":28,"column":14}},"12":{"start":{"line":22,"column":13},"end":{"line":22,"column":28}},"13":{"start":{"line":31,"column":28},"end":{"line":38,"column":1}},"14":{"start":{"line":32,"column":19},"end":{"line":36,"column":4}},"15":{"start":{"line":37,"column":2},"end":{"line":37,"column":14}},"16":{"start":{"line":31,"column":13},"end":{"line":31,"column":28}},"17":{"start":{"line":40,"column":28},"end":{"line":42,"column":1}},"18":{"start":{"line":41,"column":2},"end":{"line":41,"column":43}},"19":{"start":{"line":40,"column":13},"end":{"line":40,"column":28}}},"fnMap":{"0":{"name":"(anonymous_0)","decl":{"start":{"line":4,"column":26},"end":{"line":4,"column":31}},"loc":{"start":{"line":4,"column":78},"end":{"line":15,"column":1}}},"1":{"name":"(anonymous_1)","decl":{"start":{"line":17,"column":25},"end":{"line":17,"column":30}},"loc":{"start":{"line":17,"column":63},"end":{"line":20,"column":1}}},"2":{"name":"(anonymous_2)","decl":{"start":{"line":22,"column":28},"end":{"line":22,"column":33}},"loc":{"start":{"line":22,"column":74},"end":{"line":29,"column":1}}},"3":{"name":"(anonymous_3)","decl":{"start":{"line":31,"column":28},"end":{"line":31,"column":33}},"loc":{"start":{"line":31,"column":86},"end":{"line":38,"column":1}}},"4":{"name":"(anonymous_4)","decl":{"start":{"line":40,"column":28},"end":{"line":40,"column":33}},"loc":{"start":{"line":40,"column":64},"end":{"line":42,"column":1}}}},"branchMap":{},"s":{"0":1,"1":1,"2":0,"3":0,"4":1,"5":1,"6":0,"7":0,"8":1,"9":1,"10":0,"11":0,"12":1,"13":1,"14":0,"15":0,"16":1,"17":1,"18":0,"19":1},"f":{"0":0,"1":0,"2":0,"3":0,"4":0},"b":{}}
,"/Users/jan/code/lethimcook/frontend/src/components/recipe/RecipeContainer.tsx": {"path":"/Users/jan/code/lethimcook/frontend/src/components/recipe/RecipeContainer.tsx","statementMap":{"0":{"start":{"line":4,"column":0},"end":{"line":4,"column":16}},"1":{"start":{"line":1,"column":0},"end":{"line":1,"column":61}},"2":{"start":{"line":2,"column":0},"end":{"line":2,"column":42}},"3":{"start":{"line":5,"column":82},"end":{"line":5,"column":98}},"4":{"start":{"line":7,"column":4},"end":{"line":18,"column":6}}},"fnMap":{"0":{"name":"RecipeContainer","decl":{"start":{"line":4,"column":16},"end":{"line":4,"column":31}},"loc":{"start":{"line":4,"column":31},"end":{"line":19,"column":3}}}},"branchMap":{"0":{"loc":{"start":{"line":13,"column":36},"end":{"line":13,"column":68}},"type":"binary-expr","locations":[{"start":{"line":13,"column":36},"end":{"line":13,"column":63}},{"start":{"line":13,"column":67},"end":{"line":13,"column":68}}]}},"s":{"0":1,"1":1,"2":1,"3":2,"4":2},"f":{"0":2},"b":{"0":[2,1]}}
,"/Users/jan/code/lethimcook/frontend/src/stores/useRecipeStore.ts": {"path":"/Users/jan/code/lethimcook/frontend/src/stores/useRecipeStore.ts","statementMap":{"0":{"start":{"line":1,"column":0},"end":{"line":1,"column":33}},"1":{"start":{"line":3,"column":0},"end":{"line":3,"column":74}},"2":{"start":{"line":27,"column":13},"end":{"line":137,"column":4}},"3":{"start":{"line":27,"column":65},"end":{"line":137,"column":2}},"4":{"start":{"line":41,"column":27},"end":{"line":41,"column":43}},"5":{"start":{"line":43,"column":4},"end":{"line":45,"column":7}},"6":{"start":{"line":43,"column":20},"end":{"line":45,"column":6}},"7":{"start":{"line":47,"column":4},"end":{"line":49,"column":7}},"8":{"start":{"line":47,"column":20},"end":{"line":49,"column":6}},"9":{"start":{"line":51,"column":4},"end":{"line":53,"column":7}},"10":{"start":{"line":51,"column":20},"end":{"line":53,"column":6}},"11":{"start":{"line":55,"column":4},"end":{"line":57,"column":7}},"12":{"start":{"line":55,"column":20},"end":{"line":57,"column":6}},"13":{"start":{"line":59,"column":4},"end":{"line":61,"column":7}},"14":{"start":{"line":59,"column":20},"end":{"line":61,"column":6}},"15":{"start":{"line":62,"column":27},"end":{"line":62,"column":43}},"16":{"start":{"line":63,"column":29},"end":{"line":63,"column":47}},"17":{"start":{"line":64,"column":33},"end":{"line":64,"column":52}},"18":{"start":{"line":67,"column":4},"end":{"line":83,"column":5}},"19":{"start":{"line":68,"column":6},"end":{"line":68,"column":35}},"20":{"start":{"line":69,"column":27},"end":{"line":69,"column":32}},"21":{"start":{"line":70,"column":25},"end":{"line":70,"column":86}},"22":{"start":{"line":70,"column":63},"end":{"line":70,"column":85}},"23":{"start":{"line":73,"column":6},"end":{"line":79,"column":7}},"24":{"start":{"line":74,"column":8},"end":{"line":76,"column":12}},"25":{"start":{"line":74,"column":22},"end":{"line":76,"column":10}},"26":{"start":{"line":78,"column":8},"end":{"line":78,"column":37}},"27":{"start":{"line":81,"column":6},"end":{"line":81,"column":55}},"28":{"start":{"line":82,"column":6},"end":{"line":82,"column":18}},"29":{"start":{"line":87,"column":4},"end":{"line":87,"column":29}},"30":{"start":{"line":88,"column":4},"end":{"line":109,"column":5}},"31":{"start":{"line":89,"column":24},"end":{"line":89,"column":52}},"32":{"start":{"line":92,"column":27},"end":{"line":92,"column":32}},"33":{"start":{"line":93,"column":6},"end":{"line":101,"column":7}},"34":{"start":{"line":94,"column":8},"end":{"line":100,"column":12}},"35":{"start":{"line":94,"column":22},"end":{"line":100,"column":10}},"36":{"start":{"line":103,"column":6},"end":{"line":103,"column":23}},"37":{"start":{"line":105,"column":6},"end":{"line":105,"column":55}},"38":{"start":{"line":106,"column":6},"end":{"line":106,"column":18}},"39":{"start":{"line":108,"column":6},"end":{"line":108,"column":32}},"40":{"start":{"line":113,"column":4},"end":{"line":113,"column":29}},"41":{"start":{"line":114,"column":4},"end":{"line":135,"column":5}},"42":{"start":{"line":115,"column":28},"end":{"line":115,"column":66}},"43":{"start":{"line":118,"column":27},"end":{"line":118,"column":32}},"44":{"start":{"line":119,"column":26},"end":{"line":119,"column":80}},"45":{"start":{"line":119,"column":62},"end":{"line":119,"column":79}},"46":{"start":{"line":121,"column":6},"end":{"line":127,"column":7}},"47":{"start":{"line":122,"column":8},"end":{"line":126,"column":12}},"48":{"start":{"line":122,"column":22},"end":{"line":126,"column":10}},"49":{"start":{"line":124,"column":12},"end":{"line":124,"column":59}},"50":{"start":{"line":129,"column":6},"end":{"line":129,"column":27}},"51":{"start":{"line":131,"column":6},"end":{"line":131,"column":55}},"52":{"start":{"line":132,"column":6},"end":{"line":132,"column":18}},"53":{"start":{"line":134,"column":6},"end":{"line":134,"column":32}}},"fnMap":{"0":{"name":"(anonymous_0)","decl":{"start":{"line":27,"column":50},"end":{"line":27,"column":51}},"loc":{"start":{"line":27,"column":65},"end":{"line":137,"column":2}}},"1":{"name":"(anonymous_1)","decl":{"start":{"line":41,"column":14},"end":{"line":41,"column":15}},"loc":{"start":{"line":41,"column":27},"end":{"line":41,"column":43}}},"2":{"name":"(anonymous_2)","decl":{"start":{"line":42,"column":19},"end":{"line":42,"column":22}},"loc":{"start":{"line":43,"column":4},"end":{"line":45,"column":7}}},"3":{"name":"(anonymous_3)","decl":{"start":{"line":43,"column":8},"end":{"line":43,"column":9}},"loc":{"start":{"line":43,"column":20},"end":{"line":45,"column":6}}},"4":{"name":"(anonymous_4)","decl":{"start":{"line":46,"column":19},"end":{"line":46,"column":22}},"loc":{"start":{"line":47,"column":4},"end":{"line":49,"column":7}}},"5":{"name":"(anonymous_5)","decl":{"start":{"line":47,"column":8},"end":{"line":47,"column":9}},"loc":{"start":{"line":47,"column":20},"end":{"line":49,"column":6}}},"6":{"name":"(anonymous_6)","decl":{"start":{"line":50,"column":21},"end":{"line":50,"column":22}},"loc":{"start":{"line":51,"column":4},"end":{"line":53,"column":7}}},"7":{"name":"(anonymous_7)","decl":{"start":{"line":51,"column":8},"end":{"line":51,"column":9}},"loc":{"start":{"line":51,"column":20},"end":{"line":53,"column":6}}},"8":{"name":"(anonymous_8)","decl":{"start":{"line":54,"column":14},"end":{"line":54,"column":15}},"loc":{"start":{"line":55,"column":4},"end":{"line":57,"column":7}}},"9":{"name":"(anonymous_9)","decl":{"start":{"line":55,"column":8},"end":{"line":55,"column":9}},"loc":{"start":{"line":55,"column":20},"end":{"line":57,"column":6}}},"10":{"name":"(anonymous_10)","decl":{"start":{"line":58,"column":20},"end":{"line":58,"column":21}},"loc":{"start":{"line":59,"column":4},"end":{"line":61,"column":7}}},"11":{"name":"(anonymous_11)","decl":{"start":{"line":59,"column":8},"end":{"line":59,"column":9}},"loc":{"start":{"line":59,"column":20},"end":{"line":61,"column":6}}},"12":{"name":"(anonymous_12)","decl":{"start":{"line":62,"column":14},"end":{"line":62,"column":15}},"loc":{"start":{"line":62,"column":27},"end":{"line":62,"column":43}}},"13":{"name":"(anonymous_13)","decl":{"start":{"line":63,"column":14},"end":{"line":63,"column":15}},"loc":{"start":{"line":63,"column":29},"end":{"line":63,"column":47}}},"14":{"name":"(anonymous_14)","decl":{"start":{"line":64,"column":17},"end":{"line":64,"column":18}},"loc":{"start":{"line":64,"column":33},"end":{"line":64,"column":52}}},"15":{"name":"(anonymous_15)","decl":{"start":{"line":66,"column":16},"end":{"line":66,"column":21}},"loc":{"start":{"line":66,"column":43},"end":{"line":84,"column":3}}},"16":{"name":"(anonymous_16)","decl":{"start":{"line":70,"column":53},"end":{"line":70,"column":59}},"loc":{"start":{"line":70,"column":63},"end":{"line":70,"column":85}}},"17":{"name":"(anonymous_17)","decl":{"start":{"line":74,"column":12},"end":{"line":74,"column":17}},"loc":{"start":{"line":74,"column":22},"end":{"line":76,"column":10}}},"18":{"name":"(anonymous_18)","decl":{"start":{"line":86,"column":16},"end":{"line":86,"column":21}},"loc":{"start":{"line":86,"column":45},"end":{"line":110,"column":3}}},"19":{"name":"(anonymous_19)","decl":{"start":{"line":94,"column":12},"end":{"line":94,"column":17}},"loc":{"start":{"line":94,"column":22},"end":{"line":100,"column":10}}},"20":{"name":"(anonymous_20)","decl":{"start":{"line":112,"column":16},"end":{"line":112,"column":21}},"loc":{"start":{"line":112,"column":63},"end":{"line":136,"column":3}}},"21":{"name":"(anonymous_21)","decl":{"start":{"line":119,"column":57},"end":{"line":119,"column":58}},"loc":{"start":{"line":119,"column":62},"end":{"line":119,"column":79}}},"22":{"name":"(anonymous_22)","decl":{"start":{"line":122,"column":12},"end":{"line":122,"column":17}},"loc":{"start":{"line":122,"column":22},"end":{"line":126,"column":10}}},"23":{"name":"(anonymous_23)","decl":{"start":{"line":123,"column":37},"end":{"line":123,"column":43}},"loc":{"start":{"line":124,"column":12},"end":{"line":124,"column":59}}}},"branchMap":{"0":{"loc":{"start":{"line":73,"column":6},"end":{"line":79,"column":7}},"type":"if","locations":[{"start":{"line":73,"column":6},"end":{"line":79,"column":7}},{"start":{"line":77,"column":13},"end":{"line":79,"column":7}}]},"1":{"loc":{"start":{"line":73,"column":10},"end":{"line":73,"column":69}},"type":"binary-expr","locations":[{"start":{"line":73,"column":10},"end":{"line":73,"column":33}},{"start":{"line":73,"column":37},"end":{"line":73,"column":69}}]},"2":{"loc":{"start":{"line":93,"column":6},"end":{"line":101,"column":7}},"type":"if","locations":[{"start":{"line":93,"column":6},"end":{"line":101,"column":7}}]},"3":{"loc":{"start":{"line":98,"column":20},"end":{"line":98,"column":48}},"type":"binary-expr","locations":[{"start":{"line":98,"column":20},"end":{"line":98,"column":43}},{"start":{"line":98,"column":47},"end":{"line":98,"column":48}}]},"4":{"loc":{"start":{"line":121,"column":6},"end":{"line":127,"column":7}},"type":"if","locations":[{"start":{"line":121,"column":6},"end":{"line":127,"column":7}}]},"5":{"loc":{"start":{"line":124,"column":12},"end":{"line":124,"column":59}},"type":"cond-expr","locations":[{"start":{"line":124,"column":37},"end":{"line":124,"column":50}},{"start":{"line":124,"column":53},"end":{"line":124,"column":59}}]}},"s":{"0":1,"1":1,"2":1,"3":1,"4":0,"5":0,"6":0,"7":0,"8":0,"9":0,"10":0,"11":0,"12":0,"13":0,"14":0,"15":0,"16":0,"17":0,"18":0,"19":0,"20":0,"21":0,"22":0,"23":0,"24":0,"25":0,"26":0,"27":0,"28":0,"29":0,"30":0,"31":0,"32":0,"33":0,"34":0,"35":0,"36":0,"37":0,"38":0,"39":0,"40":0,"41":0,"42":0,"43":0,"44":0,"45":0,"46":0,"47":0,"48":0,"49":0,"50":0,"51":0,"52":0,"53":0},"f":{"0":1,"1":0,"2":0,"3":0,"4":0,"5":0,"6":0,"7":0,"8":0,"9":0,"10":0,"11":0,"12":0,"13":0,"14":0,"15":0,"16":0,"17":0,"18":0,"19":0,"20":0,"21":0,"22":0,"23":0},"b":{"0":[0,0],"1":[0,0],"2":[0],"3":[0,0],"4":[0],"5":[0,0]}}
}
