{"/Users/jan/code/lethimcook/frontend/src/api/auth.ts": {"path":"/Users/jan/code/lethimcook/frontend/src/api/auth.ts","statementMap":{"0":{"start":{"line":3,"column":0},"end":{"line":3,"column":7}},"1":{"start":{"line":10,"column":0},"end":{"line":10,"column":7}},"2":{"start":{"line":17,"column":0},"end":{"line":17,"column":7}},"3":{"start":{"line":21,"column":0},"end":{"line":21,"column":7}},"4":{"start":{"line":1,"column":0},"end":{"line":1,"column":31}},"5":{"start":{"line":4,"column":19},"end":{"line":6,"column":4}},"6":{"start":{"line":7,"column":2},"end":{"line":7,"column":19}},"7":{"start":{"line":11,"column":19},"end":{"line":13,"column":4}},"8":{"start":{"line":14,"column":2},"end":{"line":14,"column":19}},"9":{"start":{"line":18,"column":2},"end":{"line":18,"column":30}},"10":{"start":{"line":22,"column":19},"end":{"line":22,"column":44}},"11":{"start":{"line":23,"column":2},"end":{"line":23,"column":14}}},"fnMap":{"0":{"name":"login","decl":{"start":{"line":3,"column":22},"end":{"line":3,"column":27}},"loc":{"start":{"line":3,"column":59},"end":{"line":8,"column":1}}},"1":{"name":"signup","decl":{"start":{"line":10,"column":22},"end":{"line":10,"column":28}},"loc":{"start":{"line":10,"column":60},"end":{"line":15,"column":1}}},"2":{"name":"logout","decl":{"start":{"line":17,"column":22},"end":{"line":17,"column":28}},"loc":{"start":{"line":17,"column":28},"end":{"line":19,"column":1}}},"3":{"name":"getCurrentUser","decl":{"start":{"line":21,"column":22},"end":{"line":21,"column":36}},"loc":{"start":{"line":21,"column":36},"end":{"line":24,"column":1}}}},"branchMap":{},"s":{"0":1,"1":1,"2":1,"3":1,"4":1,"5":0,"6":0,"7":0,"8":0,"9":0,"10":0,"11":0},"f":{"0":0,"1":0,"2":0,"3":0},"b":{}}
,"/Users/jan/code/lethimcook/frontend/src/api/client.ts": {"path":"/Users/jan/code/lethimcook/frontend/src/api/client.ts","statementMap":{"0":{"start":{"line":1,"column":0},"end":{"line":1,"column":26}},"1":{"start":{"line":4,"column":21},"end":{"line":4,"column":45}},"2":{"start":{"line":6,"column":13},"end":{"line":13,"column":3}}},"fnMap":{},"branchMap":{},"s":{"0":3,"1":3,"2":3},"f":{},"b":{}}
,"/Users/jan/code/lethimcook/frontend/src/api/recipes.ts": {"path":"/Users/jan/code/lethimcook/frontend/src/api/recipes.ts","statementMap":{"0":{"start":{"line":2,"column":0},"end":{"line":2,"column":31}},"1":{"start":{"line":4,"column":26},"end":{"line":15,"column":1}},"2":{"start":{"line":5,"column":19},"end":{"line":13,"column":4}},"3":{"start":{"line":14,"column":2},"end":{"line":14,"column":14}},"4":{"start":{"line":4,"column":13},"end":{"line":4,"column":26}},"5":{"start":{"line":17,"column":25},"end":{"line":20,"column":1}},"6":{"start":{"line":18,"column":19},"end":{"line":18,"column":64}},"7":{"start":{"line":19,"column":2},"end":{"line":19,"column":14}},"8":{"start":{"line":17,"column":13},"end":{"line":17,"column":25}},"9":{"start":{"line":22,"column":28},"end":{"line":29,"column":1}},"10":{"start":{"line":23,"column":19},"end":{"line":27,"column":4}},"11":{"start":{"line":28,"column":2},"end":{"line":28,"column":14}},"12":{"start":{"line":22,"column":13},"end":{"line":22,"column":28}},"13":{"start":{"line":31,"column":28},"end":{"line":38,"column":1}},"14":{"start":{"line":32,"column":19},"end":{"line":36,"column":4}},"15":{"start":{"line":37,"column":2},"end":{"line":37,"column":14}},"16":{"start":{"line":31,"column":13},"end":{"line":31,"column":28}},"17":{"start":{"line":40,"column":28},"end":{"line":42,"column":1}},"18":{"start":{"line":41,"column":2},"end":{"line":41,"column":43}},"19":{"start":{"line":40,"column":13},"end":{"line":40,"column":28}}},"fnMap":{"0":{"name":"(anonymous_0)","decl":{"start":{"line":4,"column":26},"end":{"line":4,"column":31}},"loc":{"start":{"line":4,"column":78},"end":{"line":15,"column":1}}},"1":{"name":"(anonymous_1)","decl":{"start":{"line":17,"column":25},"end":{"line":17,"column":30}},"loc":{"start":{"line":17,"column":63},"end":{"line":20,"column":1}}},"2":{"name":"(anonymous_2)","decl":{"start":{"line":22,"column":28},"end":{"line":22,"column":33}},"loc":{"start":{"line":22,"column":74},"end":{"line":29,"column":1}}},"3":{"name":"(anonymous_3)","decl":{"start":{"line":31,"column":28},"end":{"line":31,"column":33}},"loc":{"start":{"line":31,"column":86},"end":{"line":38,"column":1}}},"4":{"name":"(anonymous_4)","decl":{"start":{"line":40,"column":28},"end":{"line":40,"column":33}},"loc":{"start":{"line":40,"column":64},"end":{"line":42,"column":1}}}},"branchMap":{},"s":{"0":2,"1":2,"2":0,"3":0,"4":2,"5":2,"6":0,"7":0,"8":2,"9":2,"10":0,"11":0,"12":2,"13":2,"14":0,"15":0,"16":2,"17":2,"18":0,"19":2},"f":{"0":0,"1":0,"2":0,"3":0,"4":0},"b":{}}
,"/Users/jan/code/lethimcook/frontend/src/components/recipe/RecipeContainer.tsx": {"path":"/Users/jan/code/lethimcook/frontend/src/components/recipe/RecipeContainer.tsx","statementMap":{"0":{"start":{"line":4,"column":0},"end":{"line":4,"column":16}},"1":{"start":{"line":1,"column":0},"end":{"line":1,"column":61}},"2":{"start":{"line":2,"column":0},"end":{"line":2,"column":42}},"3":{"start":{"line":5,"column":82},"end":{"line":5,"column":98}},"4":{"start":{"line":7,"column":4},"end":{"line":18,"column":6}}},"fnMap":{"0":{"name":"RecipeContainer","decl":{"start":{"line":4,"column":16},"end":{"line":4,"column":31}},"loc":{"start":{"line":4,"column":31},"end":{"line":19,"column":3}}}},"branchMap":{"0":{"loc":{"start":{"line":13,"column":36},"end":{"line":13,"column":68}},"type":"binary-expr","locations":[{"start":{"line":13,"column":36},"end":{"line":13,"column":63}},{"start":{"line":13,"column":67},"end":{"line":13,"column":68}}]}},"s":{"0":1,"1":1,"2":1,"3":2,"4":2},"f":{"0":2},"b":{"0":[2,1]}}
,"/Users/jan/code/lethimcook/frontend/src/components/search/SearchSection.tsx": {"path":"/Users/jan/code/lethimcook/frontend/src/components/search/SearchSection.tsx","statementMap":{"0":{"start":{"line":12,"column":0},"end":{"line":12,"column":16}},"1":{"start":{"line":1,"column":0},"end":{"line":1,"column":40}},"2":{"start":{"line":2,"column":0},"end":{"line":2,"column":52}},"3":{"start":{"line":3,"column":0},"end":{"line":3,"column":34}},"4":{"start":{"line":4,"column":0},"end":{"line":4,"column":40}},"5":{"start":{"line":5,"column":0},"end":{"line":5,"column":54}},"6":{"start":{"line":6,"column":0},"end":{"line":6,"column":38}},"7":{"start":{"line":7,"column":0},"end":{"line":7,"column":48}},"8":{"start":{"line":8,"column":0},"end":{"line":8,"column":61}},"9":{"start":{"line":9,"column":0},"end":{"line":9,"column":59}},"10":{"start":{"line":10,"column":0},"end":{"line":10,"column":57}},"11":{"start":{"line":13,"column":59},"end":{"line":13,"column":75}},"12":{"start":{"line":14,"column":65},"end":{"line":14,"column":80}},"13":{"start":{"line":15,"column":30},"end":{"line":15,"column":44}},"14":{"start":{"line":17,"column":2},"end":{"line":55,"column":4}}},"fnMap":{"0":{"name":"SearchSection","decl":{"start":{"line":12,"column":16},"end":{"line":12,"column":29}},"loc":{"start":{"line":12,"column":29},"end":{"line":56,"column":1}}}},"branchMap":{"0":{"loc":{"start":{"line":33,"column":26},"end":{"line":33,"column":76}},"type":"binary-expr","locations":[{"start":{"line":33,"column":26},"end":{"line":33,"column":56}},{"start":{"line":33,"column":60},"end":{"line":33,"column":76}}]},"1":{"loc":{"start":{"line":44,"column":33},"end":{"line":44,"column":58}},"type":"binary-expr","locations":[{"start":{"line":44,"column":33},"end":{"line":44,"column":52}},{"start":{"line":44,"column":56},"end":{"line":44,"column":58}}]},"2":{"loc":{"start":{"line":50,"column":21},"end":{"line":50,"column":46}},"type":"binary-expr","locations":[{"start":{"line":50,"column":21},"end":{"line":50,"column":40}},{"start":{"line":50,"column":44},"end":{"line":50,"column":46}}]}},"s":{"0":1,"1":1,"2":1,"3":1,"4":1,"5":1,"6":1,"7":1,"8":1,"9":1,"10":1,"11":15,"12":15,"13":15,"14":15},"f":{"0":15},"b":{"0":[15,8],"1":[15,0],"2":[15,0]}}
,"/Users/jan/code/lethimcook/frontend/src/components/ui/Card.tsx": {"path":"/Users/jan/code/lethimcook/frontend/src/components/ui/Card.tsx","statementMap":{"0":{"start":{"line":9,"column":0},"end":{"line":9,"column":16}},"1":{"start":{"line":20,"column":0},"end":{"line":20,"column":16}},"2":{"start":{"line":28,"column":0},"end":{"line":28,"column":16}},"3":{"start":{"line":36,"column":0},"end":{"line":36,"column":16}},"4":{"start":{"line":1,"column":0},"end":{"line":1,"column":26}},"5":{"start":{"line":2,"column":0},"end":{"line":2,"column":24}},"6":{"start":{"line":10,"column":2},"end":{"line":17,"column":4}},"7":{"start":{"line":21,"column":2},"end":{"line":25,"column":4}},"8":{"start":{"line":29,"column":2},"end":{"line":33,"column":4}},"9":{"start":{"line":37,"column":2},"end":{"line":41,"column":4}}},"fnMap":{"0":{"name":"Card","decl":{"start":{"line":9,"column":16},"end":{"line":9,"column":20}},"loc":{"start":{"line":9,"column":55},"end":{"line":18,"column":1}}},"1":{"name":"CardHeader","decl":{"start":{"line":20,"column":16},"end":{"line":20,"column":26}},"loc":{"start":{"line":20,"column":61},"end":{"line":26,"column":1}}},"2":{"name":"CardContent","decl":{"start":{"line":28,"column":16},"end":{"line":28,"column":27}},"loc":{"start":{"line":28,"column":62},"end":{"line":34,"column":1}}},"3":{"name":"CardFooter","decl":{"start":{"line":36,"column":16},"end":{"line":36,"column":26}},"loc":{"start":{"line":36,"column":61},"end":{"line":42,"column":1}}}},"branchMap":{},"s":{"0":1,"1":1,"2":1,"3":1,"4":1,"5":1,"6":28,"7":0,"8":0,"9":0},"f":{"0":28,"1":0,"2":0,"3":0},"b":{}}
,"/Users/jan/code/lethimcook/frontend/src/stores/useAuthStore.ts": {"path":"/Users/jan/code/lethimcook/frontend/src/stores/useAuthStore.ts","statementMap":{"0":{"start":{"line":1,"column":0},"end":{"line":1,"column":33}},"1":{"start":{"line":2,"column":0},"end":{"line":2,"column":45}},"2":{"start":{"line":3,"column":0},"end":{"line":3,"column":68}},"3":{"start":{"line":26,"column":13},"end":{"line":107,"column":2}},"4":{"start":{"line":28,"column":14},"end":{"line":98,"column":6}},"5":{"start":{"line":37,"column":8},"end":{"line":37,"column":44}},"6":{"start":{"line":38,"column":8},"end":{"line":54,"column":9}},"7":{"start":{"line":39,"column":23},"end":{"line":39,"column":51}},"8":{"start":{"line":42,"column":10},"end":{"line":47,"column":13}},"9":{"start":{"line":49,"column":10},"end":{"line":52,"column":13}},"10":{"start":{"line":53,"column":10},"end":{"line":53,"column":22}},"11":{"start":{"line":58,"column":8},"end":{"line":58,"column":44}},"12":{"start":{"line":59,"column":8},"end":{"line":74,"column":9}},"13":{"start":{"line":60,"column":23},"end":{"line":60,"column":52}},"14":{"start":{"line":62,"column":10},"end":{"line":67,"column":13}},"15":{"start":{"line":69,"column":10},"end":{"line":72,"column":13}},"16":{"start":{"line":73,"column":10},"end":{"line":73,"column":22}},"17":{"start":{"line":78,"column":8},"end":{"line":89,"column":9}},"18":{"start":{"line":79,"column":10},"end":{"line":79,"column":25}},"19":{"start":{"line":81,"column":10},"end":{"line":81,"column":48}},"20":{"start":{"line":84,"column":10},"end":{"line":88,"column":13}},"21":{"start":{"line":92,"column":24},"end":{"line":92,"column":44}},"22":{"start":{"line":94,"column":25},"end":{"line":97,"column":8}},"23":{"start":{"line":101,"column":30},"end":{"line":104,"column":8}},"24":{"start":{"line":110,"column":28},"end":{"line":129,"column":1}},"25":{"start":{"line":111,"column":39},"end":{"line":111,"column":53}},"26":{"start":{"line":113,"column":2},"end":{"line":126,"column":33}},"27":{"start":{"line":114,"column":22},"end":{"line":121,"column":5}},"28":{"start":{"line":115,"column":6},"end":{"line":120,"column":7}},"29":{"start":{"line":116,"column":21},"end":{"line":116,"column":43}},"30":{"start":{"line":117,"column":8},"end":{"line":117,"column":22}},"31":{"start":{"line":119,"column":8},"end":{"line":119,"column":22}},"32":{"start":{"line":123,"column":4},"end":{"line":125,"column":5}},"33":{"start":{"line":124,"column":6},"end":{"line":124,"column":18}},"34":{"start":{"line":128,"column":2},"end":{"line":128,"column":25}},"35":{"start":{"line":110,"column":13},"end":{"line":110,"column":28}}},"fnMap":{"0":{"name":"(anonymous_0)","decl":{"start":{"line":28,"column":4},"end":{"line":28,"column":5}},"loc":{"start":{"line":28,"column":14},"end":{"line":98,"column":6}}},"1":{"name":"(anonymous_1)","decl":{"start":{"line":36,"column":13},"end":{"line":36,"column":18}},"loc":{"start":{"line":36,"column":55},"end":{"line":55,"column":7}}},"2":{"name":"(anonymous_2)","decl":{"start":{"line":57,"column":16},"end":{"line":57,"column":21}},"loc":{"start":{"line":57,"column":58},"end":{"line":75,"column":7}}},"3":{"name":"(anonymous_3)","decl":{"start":{"line":77,"column":14},"end":{"line":77,"column":19}},"loc":{"start":{"line":77,"column":25},"end":{"line":90,"column":7}}},"4":{"name":"(anonymous_4)","decl":{"start":{"line":92,"column":18},"end":{"line":92,"column":21}},"loc":{"start":{"line":92,"column":24},"end":{"line":92,"column":44}}},"5":{"name":"(anonymous_5)","decl":{"start":{"line":94,"column":15},"end":{"line":94,"column":16}},"loc":{"start":{"line":94,"column":25},"end":{"line":97,"column":8}}},"6":{"name":"(anonymous_6)","decl":{"start":{"line":101,"column":18},"end":{"line":101,"column":19}},"loc":{"start":{"line":101,"column":30},"end":{"line":104,"column":8}}},"7":{"name":"(anonymous_7)","decl":{"start":{"line":110,"column":28},"end":{"line":110,"column":31}},"loc":{"start":{"line":110,"column":33},"end":{"line":129,"column":1}}},"8":{"name":"(anonymous_8)","decl":{"start":{"line":113,"column":18},"end":{"line":113,"column":21}},"loc":{"start":{"line":113,"column":23},"end":{"line":126,"column":3}}},"9":{"name":"(anonymous_9)","decl":{"start":{"line":114,"column":22},"end":{"line":114,"column":27}},"loc":{"start":{"line":114,"column":33},"end":{"line":121,"column":5}}}},"branchMap":{"0":{"loc":{"start":{"line":51,"column":19},"end":{"line":51,"column":64}},"type":"binary-expr","locations":[{"start":{"line":51,"column":19},"end":{"line":51,"column":46}},{"start":{"line":51,"column":50},"end":{"line":51,"column":64}}]},"1":{"loc":{"start":{"line":71,"column":19},"end":{"line":71,"column":71}},"type":"binary-expr","locations":[{"start":{"line":71,"column":19},"end":{"line":71,"column":46}},{"start":{"line":71,"column":50},"end":{"line":71,"column":71}}]},"2":{"loc":{"start":{"line":123,"column":4},"end":{"line":125,"column":5}},"type":"if","locations":[{"start":{"line":123,"column":4},"end":{"line":125,"column":5}}]}},"s":{"0":1,"1":1,"2":1,"3":1,"4":1,"5":0,"6":0,"7":0,"8":0,"9":0,"10":0,"11":0,"12":0,"13":0,"14":0,"15":0,"16":0,"17":0,"18":0,"19":0,"20":0,"21":0,"22":0,"23":0,"24":1,"25":0,"26":0,"27":0,"28":0,"29":0,"30":0,"31":0,"32":0,"33":0,"34":0,"35":1},"f":{"0":1,"1":0,"2":0,"3":0,"4":0,"5":0,"6":0,"7":0,"8":0,"9":0},"b":{"0":[0,0],"1":[0,0],"2":[0]}}
,"/Users/jan/code/lethimcook/frontend/src/stores/useModalStore.ts": {"path":"/Users/jan/code/lethimcook/frontend/src/stores/useModalStore.ts","statementMap":{"0":{"start":{"line":1,"column":0},"end":{"line":1,"column":33}},"1":{"start":{"line":23,"column":13},"end":{"line":40,"column":4}},"2":{"start":{"line":23,"column":58},"end":{"line":40,"column":2}},"3":{"start":{"line":30,"column":23},"end":{"line":30,"column":51}},"4":{"start":{"line":31,"column":24},"end":{"line":31,"column":53}},"5":{"start":{"line":32,"column":31},"end":{"line":32,"column":67}},"6":{"start":{"line":33,"column":32},"end":{"line":33,"column":69}},"7":{"start":{"line":34,"column":26},"end":{"line":34,"column":57}},"8":{"start":{"line":35,"column":27},"end":{"line":35,"column":59}},"9":{"start":{"line":36,"column":25},"end":{"line":36,"column":55}},"10":{"start":{"line":37,"column":26},"end":{"line":37,"column":57}},"11":{"start":{"line":38,"column":31},"end":{"line":38,"column":85}},"12":{"start":{"line":39,"column":26},"end":{"line":39,"column":79}}},"fnMap":{"0":{"name":"(anonymous_0)","decl":{"start":{"line":23,"column":48},"end":{"line":23,"column":49}},"loc":{"start":{"line":23,"column":58},"end":{"line":40,"column":2}}},"1":{"name":"(anonymous_1)","decl":{"start":{"line":30,"column":17},"end":{"line":30,"column":20}},"loc":{"start":{"line":30,"column":23},"end":{"line":30,"column":51}}},"2":{"name":"(anonymous_2)","decl":{"start":{"line":31,"column":18},"end":{"line":31,"column":21}},"loc":{"start":{"line":31,"column":24},"end":{"line":31,"column":53}}},"3":{"name":"(anonymous_3)","decl":{"start":{"line":32,"column":25},"end":{"line":32,"column":28}},"loc":{"start":{"line":32,"column":31},"end":{"line":32,"column":67}}},"4":{"name":"(anonymous_4)","decl":{"start":{"line":33,"column":26},"end":{"line":33,"column":29}},"loc":{"start":{"line":33,"column":32},"end":{"line":33,"column":69}}},"5":{"name":"(anonymous_5)","decl":{"start":{"line":34,"column":20},"end":{"line":34,"column":23}},"loc":{"start":{"line":34,"column":26},"end":{"line":34,"column":57}}},"6":{"name":"(anonymous_6)","decl":{"start":{"line":35,"column":21},"end":{"line":35,"column":24}},"loc":{"start":{"line":35,"column":27},"end":{"line":35,"column":59}}},"7":{"name":"(anonymous_7)","decl":{"start":{"line":36,"column":19},"end":{"line":36,"column":22}},"loc":{"start":{"line":36,"column":25},"end":{"line":36,"column":55}}},"8":{"name":"(anonymous_8)","decl":{"start":{"line":37,"column":20},"end":{"line":37,"column":23}},"loc":{"start":{"line":37,"column":26},"end":{"line":37,"column":57}}},"9":{"name":"(anonymous_9)","decl":{"start":{"line":38,"column":19},"end":{"line":38,"column":20}},"loc":{"start":{"line":38,"column":31},"end":{"line":38,"column":85}}},"10":{"name":"(anonymous_10)","decl":{"start":{"line":39,"column":20},"end":{"line":39,"column":23}},"loc":{"start":{"line":39,"column":26},"end":{"line":39,"column":79}}}},"branchMap":{},"s":{"0":1,"1":1,"2":1,"3":0,"4":0,"5":0,"6":0,"7":0,"8":0,"9":0,"10":0,"11":0,"12":0},"f":{"0":1,"1":0,"2":0,"3":0,"4":0,"5":0,"6":0,"7":0,"8":0,"9":0,"10":0},"b":{}}
,"/Users/jan/code/lethimcook/frontend/src/stores/useRecipeStore.ts": {"path":"/Users/jan/code/lethimcook/frontend/src/stores/useRecipeStore.ts","statementMap":{"0":{"start":{"line":1,"column":0},"end":{"line":1,"column":33}},"1":{"start":{"line":3,"column":0},"end":{"line":3,"column":74}},"2":{"start":{"line":27,"column":13},"end":{"line":137,"column":4}},"3":{"start":{"line":27,"column":65},"end":{"line":137,"column":2}},"4":{"start":{"line":41,"column":27},"end":{"line":41,"column":43}},"5":{"start":{"line":43,"column":4},"end":{"line":45,"column":7}},"6":{"start":{"line":43,"column":20},"end":{"line":45,"column":6}},"7":{"start":{"line":47,"column":4},"end":{"line":49,"column":7}},"8":{"start":{"line":47,"column":20},"end":{"line":49,"column":6}},"9":{"start":{"line":51,"column":4},"end":{"line":53,"column":7}},"10":{"start":{"line":51,"column":20},"end":{"line":53,"column":6}},"11":{"start":{"line":55,"column":4},"end":{"line":57,"column":7}},"12":{"start":{"line":55,"column":20},"end":{"line":57,"column":6}},"13":{"start":{"line":59,"column":4},"end":{"line":61,"column":7}},"14":{"start":{"line":59,"column":20},"end":{"line":61,"column":6}},"15":{"start":{"line":62,"column":27},"end":{"line":62,"column":43}},"16":{"start":{"line":63,"column":29},"end":{"line":63,"column":47}},"17":{"start":{"line":64,"column":33},"end":{"line":64,"column":52}},"18":{"start":{"line":67,"column":4},"end":{"line":83,"column":5}},"19":{"start":{"line":68,"column":6},"end":{"line":68,"column":35}},"20":{"start":{"line":69,"column":27},"end":{"line":69,"column":32}},"21":{"start":{"line":70,"column":25},"end":{"line":70,"column":86}},"22":{"start":{"line":70,"column":63},"end":{"line":70,"column":85}},"23":{"start":{"line":73,"column":6},"end":{"line":79,"column":7}},"24":{"start":{"line":74,"column":8},"end":{"line":76,"column":12}},"25":{"start":{"line":74,"column":22},"end":{"line":76,"column":10}},"26":{"start":{"line":78,"column":8},"end":{"line":78,"column":37}},"27":{"start":{"line":81,"column":6},"end":{"line":81,"column":55}},"28":{"start":{"line":82,"column":6},"end":{"line":82,"column":18}},"29":{"start":{"line":87,"column":4},"end":{"line":87,"column":29}},"30":{"start":{"line":88,"column":4},"end":{"line":109,"column":5}},"31":{"start":{"line":89,"column":24},"end":{"line":89,"column":52}},"32":{"start":{"line":92,"column":27},"end":{"line":92,"column":32}},"33":{"start":{"line":93,"column":6},"end":{"line":101,"column":7}},"34":{"start":{"line":94,"column":8},"end":{"line":100,"column":12}},"35":{"start":{"line":94,"column":22},"end":{"line":100,"column":10}},"36":{"start":{"line":103,"column":6},"end":{"line":103,"column":23}},"37":{"start":{"line":105,"column":6},"end":{"line":105,"column":55}},"38":{"start":{"line":106,"column":6},"end":{"line":106,"column":18}},"39":{"start":{"line":108,"column":6},"end":{"line":108,"column":32}},"40":{"start":{"line":113,"column":4},"end":{"line":113,"column":29}},"41":{"start":{"line":114,"column":4},"end":{"line":135,"column":5}},"42":{"start":{"line":115,"column":28},"end":{"line":115,"column":66}},"43":{"start":{"line":118,"column":27},"end":{"line":118,"column":32}},"44":{"start":{"line":119,"column":26},"end":{"line":119,"column":80}},"45":{"start":{"line":119,"column":62},"end":{"line":119,"column":79}},"46":{"start":{"line":121,"column":6},"end":{"line":127,"column":7}},"47":{"start":{"line":122,"column":8},"end":{"line":126,"column":12}},"48":{"start":{"line":122,"column":22},"end":{"line":126,"column":10}},"49":{"start":{"line":124,"column":12},"end":{"line":124,"column":59}},"50":{"start":{"line":129,"column":6},"end":{"line":129,"column":27}},"51":{"start":{"line":131,"column":6},"end":{"line":131,"column":55}},"52":{"start":{"line":132,"column":6},"end":{"line":132,"column":18}},"53":{"start":{"line":134,"column":6},"end":{"line":134,"column":32}}},"fnMap":{"0":{"name":"(anonymous_0)","decl":{"start":{"line":27,"column":50},"end":{"line":27,"column":51}},"loc":{"start":{"line":27,"column":65},"end":{"line":137,"column":2}}},"1":{"name":"(anonymous_1)","decl":{"start":{"line":41,"column":14},"end":{"line":41,"column":15}},"loc":{"start":{"line":41,"column":27},"end":{"line":41,"column":43}}},"2":{"name":"(anonymous_2)","decl":{"start":{"line":42,"column":19},"end":{"line":42,"column":22}},"loc":{"start":{"line":43,"column":4},"end":{"line":45,"column":7}}},"3":{"name":"(anonymous_3)","decl":{"start":{"line":43,"column":8},"end":{"line":43,"column":9}},"loc":{"start":{"line":43,"column":20},"end":{"line":45,"column":6}}},"4":{"name":"(anonymous_4)","decl":{"start":{"line":46,"column":19},"end":{"line":46,"column":22}},"loc":{"start":{"line":47,"column":4},"end":{"line":49,"column":7}}},"5":{"name":"(anonymous_5)","decl":{"start":{"line":47,"column":8},"end":{"line":47,"column":9}},"loc":{"start":{"line":47,"column":20},"end":{"line":49,"column":6}}},"6":{"name":"(anonymous_6)","decl":{"start":{"line":50,"column":21},"end":{"line":50,"column":22}},"loc":{"start":{"line":51,"column":4},"end":{"line":53,"column":7}}},"7":{"name":"(anonymous_7)","decl":{"start":{"line":51,"column":8},"end":{"line":51,"column":9}},"loc":{"start":{"line":51,"column":20},"end":{"line":53,"column":6}}},"8":{"name":"(anonymous_8)","decl":{"start":{"line":54,"column":14},"end":{"line":54,"column":15}},"loc":{"start":{"line":55,"column":4},"end":{"line":57,"column":7}}},"9":{"name":"(anonymous_9)","decl":{"start":{"line":55,"column":8},"end":{"line":55,"column":9}},"loc":{"start":{"line":55,"column":20},"end":{"line":57,"column":6}}},"10":{"name":"(anonymous_10)","decl":{"start":{"line":58,"column":20},"end":{"line":58,"column":21}},"loc":{"start":{"line":59,"column":4},"end":{"line":61,"column":7}}},"11":{"name":"(anonymous_11)","decl":{"start":{"line":59,"column":8},"end":{"line":59,"column":9}},"loc":{"start":{"line":59,"column":20},"end":{"line":61,"column":6}}},"12":{"name":"(anonymous_12)","decl":{"start":{"line":62,"column":14},"end":{"line":62,"column":15}},"loc":{"start":{"line":62,"column":27},"end":{"line":62,"column":43}}},"13":{"name":"(anonymous_13)","decl":{"start":{"line":63,"column":14},"end":{"line":63,"column":15}},"loc":{"start":{"line":63,"column":29},"end":{"line":63,"column":47}}},"14":{"name":"(anonymous_14)","decl":{"start":{"line":64,"column":17},"end":{"line":64,"column":18}},"loc":{"start":{"line":64,"column":33},"end":{"line":64,"column":52}}},"15":{"name":"(anonymous_15)","decl":{"start":{"line":66,"column":16},"end":{"line":66,"column":21}},"loc":{"start":{"line":66,"column":43},"end":{"line":84,"column":3}}},"16":{"name":"(anonymous_16)","decl":{"start":{"line":70,"column":53},"end":{"line":70,"column":59}},"loc":{"start":{"line":70,"column":63},"end":{"line":70,"column":85}}},"17":{"name":"(anonymous_17)","decl":{"start":{"line":74,"column":12},"end":{"line":74,"column":17}},"loc":{"start":{"line":74,"column":22},"end":{"line":76,"column":10}}},"18":{"name":"(anonymous_18)","decl":{"start":{"line":86,"column":16},"end":{"line":86,"column":21}},"loc":{"start":{"line":86,"column":45},"end":{"line":110,"column":3}}},"19":{"name":"(anonymous_19)","decl":{"start":{"line":94,"column":12},"end":{"line":94,"column":17}},"loc":{"start":{"line":94,"column":22},"end":{"line":100,"column":10}}},"20":{"name":"(anonymous_20)","decl":{"start":{"line":112,"column":16},"end":{"line":112,"column":21}},"loc":{"start":{"line":112,"column":63},"end":{"line":136,"column":3}}},"21":{"name":"(anonymous_21)","decl":{"start":{"line":119,"column":57},"end":{"line":119,"column":58}},"loc":{"start":{"line":119,"column":62},"end":{"line":119,"column":79}}},"22":{"name":"(anonymous_22)","decl":{"start":{"line":122,"column":12},"end":{"line":122,"column":17}},"loc":{"start":{"line":122,"column":22},"end":{"line":126,"column":10}}},"23":{"name":"(anonymous_23)","decl":{"start":{"line":123,"column":37},"end":{"line":123,"column":43}},"loc":{"start":{"line":124,"column":12},"end":{"line":124,"column":59}}}},"branchMap":{"0":{"loc":{"start":{"line":73,"column":6},"end":{"line":79,"column":7}},"type":"if","locations":[{"start":{"line":73,"column":6},"end":{"line":79,"column":7}},{"start":{"line":77,"column":13},"end":{"line":79,"column":7}}]},"1":{"loc":{"start":{"line":73,"column":10},"end":{"line":73,"column":69}},"type":"binary-expr","locations":[{"start":{"line":73,"column":10},"end":{"line":73,"column":33}},{"start":{"line":73,"column":37},"end":{"line":73,"column":69}}]},"2":{"loc":{"start":{"line":93,"column":6},"end":{"line":101,"column":7}},"type":"if","locations":[{"start":{"line":93,"column":6},"end":{"line":101,"column":7}}]},"3":{"loc":{"start":{"line":98,"column":20},"end":{"line":98,"column":48}},"type":"binary-expr","locations":[{"start":{"line":98,"column":20},"end":{"line":98,"column":43}},{"start":{"line":98,"column":47},"end":{"line":98,"column":48}}]},"4":{"loc":{"start":{"line":121,"column":6},"end":{"line":127,"column":7}},"type":"if","locations":[{"start":{"line":121,"column":6},"end":{"line":127,"column":7}}]},"5":{"loc":{"start":{"line":124,"column":12},"end":{"line":124,"column":59}},"type":"cond-expr","locations":[{"start":{"line":124,"column":37},"end":{"line":124,"column":50}},{"start":{"line":124,"column":53},"end":{"line":124,"column":59}}]}},"s":{"0":2,"1":2,"2":2,"3":2,"4":0,"5":0,"6":0,"7":0,"8":0,"9":0,"10":0,"11":0,"12":0,"13":0,"14":0,"15":0,"16":0,"17":0,"18":0,"19":0,"20":0,"21":0,"22":0,"23":0,"24":0,"25":0,"26":0,"27":0,"28":0,"29":0,"30":0,"31":0,"32":0,"33":0,"34":0,"35":0,"36":0,"37":0,"38":0,"39":0,"40":0,"41":0,"42":0,"43":0,"44":0,"45":0,"46":0,"47":0,"48":0,"49":0,"50":0,"51":0,"52":0,"53":0},"f":{"0":2,"1":0,"2":0,"3":0,"4":0,"5":0,"6":0,"7":0,"8":0,"9":0,"10":0,"11":0,"12":0,"13":0,"14":0,"15":0,"16":0,"17":0,"18":0,"19":0,"20":0,"21":0,"22":0,"23":0},"b":{"0":[0,0],"1":[0,0],"2":[0],"3":[0,0],"4":[0],"5":[0,0]}}
}
