TN:
SF:src/api/auth.ts
FN:3,login
FN:10,signup
FN:17,logout
FN:21,getCurrentUser
FNF:4
FNH:0
FNDA:0,login
FNDA:0,signup
FNDA:0,logout
FNDA:0,getCurrentUser
DA:1,1
DA:3,1
DA:4,0
DA:7,0
DA:10,1
DA:11,0
DA:14,0
DA:17,1
DA:18,0
DA:21,1
DA:22,0
DA:23,0
LF:12
LH:5
BRF:0
BRH:0
end_of_record
TN:
SF:src/api/client.ts
FNF:0
FNH:0
DA:1,3
DA:4,3
DA:6,3
LF:3
LH:3
BRF:0
BRH:0
end_of_record
TN:
SF:src/api/recipes.ts
FN:4,(anonymous_0)
FN:17,(anonymous_1)
FN:22,(anonymous_2)
FN:31,(anonymous_3)
FN:40,(anonymous_4)
FNF:5
FNH:0
FNDA:0,(anonymous_0)
FNDA:0,(anonymous_1)
FNDA:0,(anonymous_2)
FNDA:0,(anonymous_3)
FNDA:0,(anonymous_4)
DA:2,2
DA:4,2
DA:5,0
DA:14,0
DA:17,2
DA:18,0
DA:19,0
DA:22,2
DA:23,0
DA:28,0
DA:31,2
DA:32,0
DA:37,0
DA:40,2
DA:41,0
LF:15
LH:6
BRF:0
BRH:0
end_of_record
TN:
SF:src/components/recipe/RecipeContainer.tsx
FN:4,RecipeContainer
FNF:1
FNH:1
FNDA:2,RecipeContainer
DA:1,1
DA:2,1
DA:4,1
DA:5,2
DA:7,2
LF:5
LH:5
BRDA:13,0,0,2
BRDA:13,0,1,1
BRF:2
BRH:2
end_of_record
TN:
SF:src/components/search/SearchSection.tsx
FN:12,SearchSection
FNF:1
FNH:1
FNDA:15,SearchSection
DA:1,1
DA:2,1
DA:3,1
DA:4,1
DA:5,1
DA:6,1
DA:7,1
DA:8,1
DA:9,1
DA:10,1
DA:12,1
DA:13,15
DA:14,15
DA:15,15
DA:17,15
LF:15
LH:15
BRDA:33,0,0,15
BRDA:33,0,1,8
BRDA:44,1,0,15
BRDA:44,1,1,0
BRDA:50,2,0,15
BRDA:50,2,1,0
BRF:6
BRH:4
end_of_record
TN:
SF:src/components/ui/Card.tsx
FN:9,Card
FN:20,CardHeader
FN:28,CardContent
FN:36,CardFooter
FNF:4
FNH:1
FNDA:28,Card
FNDA:0,CardHeader
FNDA:0,CardContent
FNDA:0,CardFooter
DA:1,1
DA:2,1
DA:9,1
DA:10,28
DA:20,1
DA:21,0
DA:28,1
DA:29,0
DA:36,1
DA:37,0
LF:10
LH:7
BRF:0
BRH:0
end_of_record
TN:
SF:src/stores/useAuthStore.ts
FN:28,(anonymous_0)
FN:36,(anonymous_1)
FN:57,(anonymous_2)
FN:77,(anonymous_3)
FN:92,(anonymous_4)
FN:94,(anonymous_5)
FN:101,(anonymous_6)
FN:110,(anonymous_7)
FN:113,(anonymous_8)
FN:114,(anonymous_9)
FNF:10
FNH:1
FNDA:1,(anonymous_0)
FNDA:0,(anonymous_1)
FNDA:0,(anonymous_2)
FNDA:0,(anonymous_3)
FNDA:0,(anonymous_4)
FNDA:0,(anonymous_5)
FNDA:0,(anonymous_6)
FNDA:0,(anonymous_7)
FNDA:0,(anonymous_8)
FNDA:0,(anonymous_9)
DA:1,1
DA:2,1
DA:3,1
DA:26,1
DA:28,1
DA:37,0
DA:38,0
DA:39,0
DA:42,0
DA:49,0
DA:53,0
DA:58,0
DA:59,0
DA:60,0
DA:62,0
DA:69,0
DA:73,0
DA:78,0
DA:79,0
DA:81,0
DA:84,0
DA:92,0
DA:94,0
DA:101,0
DA:110,1
DA:111,0
DA:113,0
DA:114,0
DA:115,0
DA:116,0
DA:117,0
DA:119,0
DA:123,0
DA:124,0
DA:128,0
LF:35
LH:6
BRDA:51,0,0,0
BRDA:51,0,1,0
BRDA:71,1,0,0
BRDA:71,1,1,0
BRDA:123,2,0,0
BRF:5
BRH:0
end_of_record
TN:
SF:src/stores/useModalStore.ts
FN:23,(anonymous_0)
FN:30,(anonymous_1)
FN:31,(anonymous_2)
FN:32,(anonymous_3)
FN:33,(anonymous_4)
FN:34,(anonymous_5)
FN:35,(anonymous_6)
FN:36,(anonymous_7)
FN:37,(anonymous_8)
FN:38,(anonymous_9)
FN:39,(anonymous_10)
FNF:11
FNH:1
FNDA:1,(anonymous_0)
FNDA:0,(anonymous_1)
FNDA:0,(anonymous_2)
FNDA:0,(anonymous_3)
FNDA:0,(anonymous_4)
FNDA:0,(anonymous_5)
FNDA:0,(anonymous_6)
FNDA:0,(anonymous_7)
FNDA:0,(anonymous_8)
FNDA:0,(anonymous_9)
FNDA:0,(anonymous_10)
DA:1,1
DA:23,1
DA:30,0
DA:31,0
DA:32,0
DA:33,0
DA:34,0
DA:35,0
DA:36,0
DA:37,0
DA:38,0
DA:39,0
LF:12
LH:2
BRF:0
BRH:0
end_of_record
TN:
SF:src/stores/useRecipeStore.ts
FN:27,(anonymous_0)
FN:41,(anonymous_1)
FN:42,(anonymous_2)
FN:43,(anonymous_3)
FN:46,(anonymous_4)
FN:47,(anonymous_5)
FN:50,(anonymous_6)
FN:51,(anonymous_7)
FN:54,(anonymous_8)
FN:55,(anonymous_9)
FN:58,(anonymous_10)
FN:59,(anonymous_11)
FN:62,(anonymous_12)
FN:63,(anonymous_13)
FN:64,(anonymous_14)
FN:66,(anonymous_15)
FN:70,(anonymous_16)
FN:74,(anonymous_17)
FN:86,(anonymous_18)
FN:94,(anonymous_19)
FN:112,(anonymous_20)
FN:119,(anonymous_21)
FN:122,(anonymous_22)
FN:123,(anonymous_23)
FNF:24
FNH:1
FNDA:2,(anonymous_0)
FNDA:0,(anonymous_1)
FNDA:0,(anonymous_2)
FNDA:0,(anonymous_3)
FNDA:0,(anonymous_4)
FNDA:0,(anonymous_5)
FNDA:0,(anonymous_6)
FNDA:0,(anonymous_7)
FNDA:0,(anonymous_8)
FNDA:0,(anonymous_9)
FNDA:0,(anonymous_10)
FNDA:0,(anonymous_11)
FNDA:0,(anonymous_12)
FNDA:0,(anonymous_13)
FNDA:0,(anonymous_14)
FNDA:0,(anonymous_15)
FNDA:0,(anonymous_16)
FNDA:0,(anonymous_17)
FNDA:0,(anonymous_18)
FNDA:0,(anonymous_19)
FNDA:0,(anonymous_20)
FNDA:0,(anonymous_21)
FNDA:0,(anonymous_22)
FNDA:0,(anonymous_23)
DA:1,2
DA:3,2
DA:27,2
DA:41,0
DA:43,0
DA:47,0
DA:51,0
DA:55,0
DA:59,0
DA:62,0
DA:63,0
DA:64,0
DA:67,0
DA:68,0
DA:69,0
DA:70,0
DA:73,0
DA:74,0
DA:78,0
DA:81,0
DA:82,0
DA:87,0
DA:88,0
DA:89,0
DA:92,0
DA:93,0
DA:94,0
DA:103,0
DA:105,0
DA:106,0
DA:108,0
DA:113,0
DA:114,0
DA:115,0
DA:118,0
DA:119,0
DA:121,0
DA:122,0
DA:124,0
DA:129,0
DA:131,0
DA:132,0
DA:134,0
LF:43
LH:3
BRDA:73,0,0,0
BRDA:73,0,1,0
BRDA:73,1,0,0
BRDA:73,1,1,0
BRDA:93,2,0,0
BRDA:98,3,0,0
BRDA:98,3,1,0
BRDA:121,4,0,0
BRDA:124,5,0,0
BRDA:124,5,1,0
BRF:10
BRH:0
end_of_record
